<?xml version="1.0" encoding="UTF-8"?>
<testng-results ignored="0" total="1" passed="1" failed="0" skipped="0">
  <reporter-output>
    <line>
      <![CDATA[Setting ETO:8]]>
    </line>
    <line>
      <![CDATA[Closing the Browser]]>
    </line>
  </reporter-output>
  <suite started-at="2021-12-23T20:32:46 CST" name="Default suite" finished-at="2021-12-23T20:32:52 CST" duration-ms="6146">
    <groups>
      <group name="login">
        <method signature="InvalidLogin.testInvalidLogin()[pri:2, instance:scripts.InvalidLogin@6fa590ba]" name="testInvalidLogin" class="scripts.InvalidLogin"/>
      </group> <!-- login -->
    </groups>
    <test started-at="2021-12-23T20:32:46 CST" name="Default test" finished-at="2021-12-23T20:32:52 CST" duration-ms="6146">
      <class name="scripts.InvalidLogin">
        <test-method is-config="true" signature="openApp()[pri:0, instance:scripts.InvalidLogin@6fa590ba]" started-at="2021-12-23T20:32:46 CST" name="openApp" finished-at="2021-12-23T20:32:51 CST" duration-ms="4392" status="PASS">
          <reporter-output>
            <line>
              <![CDATA[Setting ETO:8]]>
            </line>
          </reporter-output>
        </test-method> <!-- openApp -->
        <test-method signature="testInvalidLogin()[pri:2, instance:scripts.InvalidLogin@6fa590ba]" started-at="2021-12-23T20:32:51 CST" name="testInvalidLogin" finished-at="2021-12-23T20:32:52 CST" duration-ms="1043" status="PASS">
          <reporter-output>
          </reporter-output>
        </test-method> <!-- testInvalidLogin -->
        <test-method is-config="true" signature="closeApp()[pri:0, instance:scripts.InvalidLogin@6fa590ba]" started-at="2021-12-23T20:32:52 CST" name="closeApp" finished-at="2021-12-23T20:32:52 CST" duration-ms="643" status="PASS">
          <reporter-output>
            <line>
              <![CDATA[Closing the Browser]]>
            </line>
          </reporter-output>
        </test-method> <!-- closeApp -->
      </class> <!-- scripts.InvalidLogin -->
    </test> <!-- Default test -->
  </suite> <!-- Default suite -->
</testng-results>
